D:\serverbrowser\servertool\x64\Release\cl.command.1.tlog
D:\serverbrowser\servertool\x64\Release\CL.read.1.tlog
D:\serverbrowser\servertool\x64\Release\CL.write.1.tlog
D:\serverbrowser\servertool\x64\Release\link.command.1.tlog
D:\serverbrowser\servertool\x64\Release\link.read.1.tlog
D:\serverbrowser\servertool\x64\Release\link.write.1.tlog
D:\SERVERBROWSER\SERVERTOOL\X64\RELEASE\MAIN.OBJ
D:\SERVERBROWSER\SERVERTOOL\X64\RELEASE\MASTERSCAN.OBJ
D:\serverbrowser\servertool\x64\Release\mt.command.1.tlog
D:\serverbrowser\servertool\x64\Release\mt.read.1.tlog
D:\serverbrowser\servertool\x64\Release\mt.write.1.tlog
D:\SERVERBROWSER\SERVERTOOL\X64\RELEASE\SERVERINFO.OBJ
D:\SERVERBROWSER\SERVERTOOL\X64\RELEASE\SERVERLIST.OBJ
D:\serverbrowser\servertool\x64\Release\servertool.exe.intermediate.manifest
D:\SERVERBROWSER\SERVERTOOL\X64\RELEASE\SERVERTOOL.OBJ
D:\serverbrowser\servertool\x64\Release\servertool.vcxprojResolveAssemblyReference.cache
D:\serverbrowser\servertool\x64\Release\servertool.write.1.tlog
D:\SERVERBROWSER\SERVERTOOL\X64\RELEASE\VC100.PDB
D:\SERVERBROWSER\X64\RELEASE\SERVERTOOL.EXE
D:\serverbrowser\x64\Release\servertool.pdb
